Performing C++ SOURCE FILE Test CMAKE_HAVE_LIBC_PTHREAD failed with the following output:
Change Dir: /home/zakhar/lib_android/spdlog/build/x86/CMakeFiles/CMakeTmp

Run Build Command(s):/usr/bin/make cmTC_2a5c0/fast && /usr/bin/make  -f CMakeFiles/cmTC_2a5c0.dir/build.make CMakeFiles/cmTC_2a5c0.dir/build
make[1]: вход в каталог «/home/zakhar/lib_android/spdlog/build/x86/CMakeFiles/CMakeTmp»
Building CXX object CMakeFiles/cmTC_2a5c0.dir/src.cxx.o
/home/zakhar/Android/Sdk/ndk/23.1.7779620/toolchains/llvm/prebuilt/linux-x86_64/bin/clang++ --target=i686-none-linux-android16 --gcc-toolchain=/home/zakhar/Android/Sdk/ndk/23.1.7779620/toolchains/llvm/prebuilt/linux-x86_64 --sysroot=/home/zakhar/Android/Sdk/ndk/23.1.7779620/toolchains/llvm/prebuilt/linux-x86_64/sysroot   -g -DANDROID -fdata-sections -ffunction-sections -funwind-tables -fstack-protector-strong -no-canonical-prefixes -mstackrealign -D_FORTIFY_SOURCE=2 -Wformat -Werror=format-security  -DSPDLOG_COMPILED_LIB -DCMAKE_HAVE_LIBC_PTHREAD -fPIE -std=c++11 -o CMakeFiles/cmTC_2a5c0.dir/src.cxx.o -c /home/zakhar/lib_android/spdlog/build/x86/CMakeFiles/CMakeTmp/src.cxx
/home/zakhar/lib_android/spdlog/build/x86/CMakeFiles/CMakeTmp/src.cxx:13:3: error: use of undeclared identifier 'pthread_cancel'
  pthread_cancel(thread);
  ^
1 error generated.
make[1]: *** [CMakeFiles/cmTC_2a5c0.dir/build.make:85: CMakeFiles/cmTC_2a5c0.dir/src.cxx.o] Ошибка 1
make[1]: выход из каталога «/home/zakhar/lib_android/spdlog/build/x86/CMakeFiles/CMakeTmp»
make: *** [Makefile:140: cmTC_2a5c0/fast] Ошибка 2


Source file was:
#include <pthread.h>

void* test_func(void* data)
{
  return data;
}

int main(void)
{
  pthread_t thread;
  pthread_create(&thread, NULL, test_func, NULL);
  pthread_detach(thread);
  pthread_cancel(thread);
  pthread_join(thread, NULL);
  pthread_atfork(NULL, NULL, NULL);
  pthread_exit(NULL);

  return 0;
}

Determining if the function pthread_create exists in the pthreads failed with the following output:
Change Dir: /home/zakhar/lib_android/spdlog/build/x86/CMakeFiles/CMakeTmp

Run Build Command(s):/usr/bin/make cmTC_8f8f6/fast && /usr/bin/make  -f CMakeFiles/cmTC_8f8f6.dir/build.make CMakeFiles/cmTC_8f8f6.dir/build
make[1]: вход в каталог «/home/zakhar/lib_android/spdlog/build/x86/CMakeFiles/CMakeTmp»
Building CXX object CMakeFiles/cmTC_8f8f6.dir/CheckFunctionExists.cxx.o
/home/zakhar/Android/Sdk/ndk/23.1.7779620/toolchains/llvm/prebuilt/linux-x86_64/bin/clang++ --target=i686-none-linux-android16 --gcc-toolchain=/home/zakhar/Android/Sdk/ndk/23.1.7779620/toolchains/llvm/prebuilt/linux-x86_64 --sysroot=/home/zakhar/Android/Sdk/ndk/23.1.7779620/toolchains/llvm/prebuilt/linux-x86_64/sysroot   -g -DANDROID -fdata-sections -ffunction-sections -funwind-tables -fstack-protector-strong -no-canonical-prefixes -mstackrealign -D_FORTIFY_SOURCE=2 -Wformat -Werror=format-security  -DSPDLOG_COMPILED_LIB -DCHECK_FUNCTION_EXISTS=pthread_create -fPIE -std=c++11 -o CMakeFiles/cmTC_8f8f6.dir/CheckFunctionExists.cxx.o -c /home/zakhar/lib_android/spdlog/build/x86/CMakeFiles/CheckLibraryExists/CheckFunctionExists.cxx
Linking CXX executable cmTC_8f8f6
/home/zakhar/Android/Sdk/cmake/3.18.1/bin/cmake -E cmake_link_script CMakeFiles/cmTC_8f8f6.dir/link.txt --verbose=1
/home/zakhar/Android/Sdk/ndk/23.1.7779620/toolchains/llvm/prebuilt/linux-x86_64/bin/clang++ --target=i686-none-linux-android16 --gcc-toolchain=/home/zakhar/Android/Sdk/ndk/23.1.7779620/toolchains/llvm/prebuilt/linux-x86_64 --sysroot=/home/zakhar/Android/Sdk/ndk/23.1.7779620/toolchains/llvm/prebuilt/linux-x86_64/sysroot -g -DANDROID -fdata-sections -ffunction-sections -funwind-tables -fstack-protector-strong -no-canonical-prefixes -mstackrealign -D_FORTIFY_SOURCE=2 -Wformat -Werror=format-security  -DSPDLOG_COMPILED_LIB -DCHECK_FUNCTION_EXISTS=pthread_create -static-libstdc++ -Wl,--build-id=sha1 -Wl,--no-rosegment -Wl,--fatal-warnings -Wl,--no-undefined -Qunused-arguments -Wl,--gc-sections   CMakeFiles/cmTC_8f8f6.dir/CheckFunctionExists.cxx.o -o cmTC_8f8f6  -lpthreads -latomic -lm 
ld: error: unable to find library -lpthreads
clang++: error: linker command failed with exit code 1 (use -v to see invocation)
make[1]: *** [CMakeFiles/cmTC_8f8f6.dir/build.make:106: cmTC_8f8f6] Ошибка 1
make[1]: выход из каталога «/home/zakhar/lib_android/spdlog/build/x86/CMakeFiles/CMakeTmp»
make: *** [Makefile:140: cmTC_8f8f6/fast] Ошибка 2



Determining if the function pthread_create exists in the pthread failed with the following output:
Change Dir: /home/zakhar/lib_android/spdlog/build/x86/CMakeFiles/CMakeTmp

Run Build Command(s):/usr/bin/make cmTC_4cca7/fast && /usr/bin/make  -f CMakeFiles/cmTC_4cca7.dir/build.make CMakeFiles/cmTC_4cca7.dir/build
make[1]: вход в каталог «/home/zakhar/lib_android/spdlog/build/x86/CMakeFiles/CMakeTmp»
Building CXX object CMakeFiles/cmTC_4cca7.dir/CheckFunctionExists.cxx.o
/home/zakhar/Android/Sdk/ndk/23.1.7779620/toolchains/llvm/prebuilt/linux-x86_64/bin/clang++ --target=i686-none-linux-android16 --gcc-toolchain=/home/zakhar/Android/Sdk/ndk/23.1.7779620/toolchains/llvm/prebuilt/linux-x86_64 --sysroot=/home/zakhar/Android/Sdk/ndk/23.1.7779620/toolchains/llvm/prebuilt/linux-x86_64/sysroot   -g -DANDROID -fdata-sections -ffunction-sections -funwind-tables -fstack-protector-strong -no-canonical-prefixes -mstackrealign -D_FORTIFY_SOURCE=2 -Wformat -Werror=format-security  -DSPDLOG_COMPILED_LIB -DCHECK_FUNCTION_EXISTS=pthread_create -fPIE -std=c++11 -o CMakeFiles/cmTC_4cca7.dir/CheckFunctionExists.cxx.o -c /home/zakhar/lib_android/spdlog/build/x86/CMakeFiles/CheckLibraryExists/CheckFunctionExists.cxx
Linking CXX executable cmTC_4cca7
/home/zakhar/Android/Sdk/cmake/3.18.1/bin/cmake -E cmake_link_script CMakeFiles/cmTC_4cca7.dir/link.txt --verbose=1
/home/zakhar/Android/Sdk/ndk/23.1.7779620/toolchains/llvm/prebuilt/linux-x86_64/bin/clang++ --target=i686-none-linux-android16 --gcc-toolchain=/home/zakhar/Android/Sdk/ndk/23.1.7779620/toolchains/llvm/prebuilt/linux-x86_64 --sysroot=/home/zakhar/Android/Sdk/ndk/23.1.7779620/toolchains/llvm/prebuilt/linux-x86_64/sysroot -g -DANDROID -fdata-sections -ffunction-sections -funwind-tables -fstack-protector-strong -no-canonical-prefixes -mstackrealign -D_FORTIFY_SOURCE=2 -Wformat -Werror=format-security  -DSPDLOG_COMPILED_LIB -DCHECK_FUNCTION_EXISTS=pthread_create -static-libstdc++ -Wl,--build-id=sha1 -Wl,--no-rosegment -Wl,--fatal-warnings -Wl,--no-undefined -Qunused-arguments -Wl,--gc-sections   CMakeFiles/cmTC_4cca7.dir/CheckFunctionExists.cxx.o -o cmTC_4cca7  -lpthread -latomic -lm 
ld: error: unable to find library -lpthread
clang++: error: linker command failed with exit code 1 (use -v to see invocation)
make[1]: *** [CMakeFiles/cmTC_4cca7.dir/build.make:106: cmTC_4cca7] Ошибка 1
make[1]: выход из каталога «/home/zakhar/lib_android/spdlog/build/x86/CMakeFiles/CMakeTmp»
make: *** [Makefile:140: cmTC_4cca7/fast] Ошибка 2



